[2018-04-05 23:12:25] : MEMORY ALLOC FAILED: mmap failed
[2018-04-05 23:12:25] : MEMORY ALLOC FAILED: mmap failed
[2018-04-05 23:12:25] : MEMORY ALLOC FAILED: mmap failed
[2018-04-05 23:12:25] : MEMORY ALLOC FAILED: mmap failed
[2018-04-05 23:12:25] : MEMORY ALLOC FAILED: mmap failed
-------------------------------------------------------------------
xmr-stak 2.4.0 6feffe2

Brought to you by fireice_uk and psychocrypt under GPLv3.
Based on CPU mining code by wolf9466 (heavily optimized by fireice_uk).
Based on NVIDIA mining code by KlausT and psychocrypt.
Based on OpenCL mining code by wolf9466.

Configurable dev donation level is set to 2.0%

You can use following keys to display reports:
'h' - hashrate
'r' - results
'c' - connection
-------------------------------------------------------------------
[2018-04-05 23:12:25] : Mining coin: monero7
[2018-04-05 23:12:25] : WARNING: backend NVIDIA disabled.
[2018-04-05 23:12:25] : Thread 0 has invalid config.
[2018-04-05 23:12:46] : MEMORY ALLOC FAILED: mmap failed
[2018-04-05 23:12:46] : MEMORY ALLOC FAILED: mmap failed
[2018-04-05 23:12:46] : MEMORY ALLOC FAILED: mmap failed
[2018-04-05 23:12:46] : MEMORY ALLOC FAILED: mmap failed
[2018-04-05 23:12:46] : MEMORY ALLOC FAILED: mmap failed
-------------------------------------------------------------------
xmr-stak 2.4.0 6feffe2

Brought to you by fireice_uk and psychocrypt under GPLv3.
Based on CPU mining code by wolf9466 (heavily optimized by fireice_uk).
Based on NVIDIA mining code by KlausT and psychocrypt.
Based on OpenCL mining code by wolf9466.

Configurable dev donation level is set to 2.0%

You can use following keys to display reports:
'h' - hashrate
'r' - results
'c' - connection
-------------------------------------------------------------------
[2018-04-05 23:12:46] : Mining coin: monero7
[2018-04-05 23:12:46] : WARNING: backend NVIDIA disabled.
[2018-04-05 23:12:46] : Thread 0 has invalid config.
[2018-04-05 23:13:11] : MEMORY ALLOC FAILED: mmap failed
[2018-04-05 23:13:11] : MEMORY ALLOC FAILED: mmap failed
[2018-04-05 23:13:11] : MEMORY ALLOC FAILED: mmap failed
[2018-04-05 23:13:11] : MEMORY ALLOC FAILED: mmap failed
[2018-04-05 23:13:11] : MEMORY ALLOC FAILED: mmap failed
-------------------------------------------------------------------
xmr-stak 2.4.2 e10e8e6

Brought to you by fireice_uk and psychocrypt under GPLv3.
Based on CPU mining code by wolf9466 (heavily optimized by fireice_uk).
Based on NVIDIA mining code by KlausT and psychocrypt.
Based on OpenCL mining code by wolf9466.

Configurable dev donation level is set to 2.0%

You can use following keys to display reports:
'h' - hashrate
'r' - results
'c' - connection
-------------------------------------------------------------------
[2018-04-05 23:13:11] : Mining coin: monero7
[2018-04-05 23:13:11] : WARNING: backend NVIDIA disabled.
[2018-04-05 23:13:11] : Thread 0 has invalid config.
